<?xml version="1.0" encoding="UTF-8"?>
<!-- Generated by org.testng.reporters.JUnitXMLReporter -->
<testsuite ignored="2" hostname="DESKTOP-TDN5H4E" failures="1" tests="5" name="Test" time="0.14" errors="0" timestamp="2023-11-23T20:02:56 IST">
  <testcase classname="test.day1" name="secondtest" time="0.022"/>
  <testcase classname="test.day2" name="thirdtest" time="0.003"/>
  <testcase classname="test.day4" name="homeloanapilogin" time="0.008"/>
  <testcase classname="test.day4" name="homeloanmobilelogin" time="0.0">
    <failure type="org.testng.TestNGException" message="
Parameter &amp;apos;URL&amp;apos; is required by @Test on method homeloanmobilelogin but has not been marked @Optional or defined
in C:\Users\lenovo\eclipse-workspace\TestNGtutorial\testng.xml">
      <![CDATA[org.testng.TestNGException: 
Parameter 'URL' is required by @Test on method homeloanmobilelogin but has not been marked @Optional or defined
in C:\Users\lenovo\eclipse-workspace\TestNGtutorial\testng.xml
at java.base/java.util.ArrayList.forEach(ArrayList.java:1511)
... Removed 26 stack frames]]>
    </failure>
  </testcase> <!-- homeloanmobilelogin -->
  <testcase classname="test.day4" name="homeloanweblogin" time="0.002"/>
  <testcase classname="test.day1" name="demo" time="0.0">
    <ignored/>
  </testcase> <!-- demo -->
  <testcase classname="test.day1" name="thirdtest" time="0.0">
    <ignored/>
  </testcase> <!-- thirdtest -->
</testsuite> <!-- Test -->
